# JRE version: OpenJDK Runtime Environment Temurin-21.0.8+9 (21.0.8+9) (build 21.0.8+9-LTS)
# Java VM: OpenJDK 64-Bit Server VM Temurin-21.0.8+9 (21.0.8+9-LTS, mixed mode, sharing, tiered, compressed oops, compressed class ptrs, parallel gc, windows-amd64)
GC Precious Log:
 CardTable entry size: 512
 CPUs: 8 total, 8 available
 Memory: 8025M
 Large Page Support: Disabled
 NUMA Support: Disabled
 Compressed Oops: Enabled (32-bit)
 Alignments: Space 512K, Generation 512K, Heap 2M
 Heap Min Capacity: 100M
 Heap Initial Capacity: 100M
 Heap Max Capacity: 2G
 Pre-touch: Disabled
 Parallel Workers: 8
Heap:
 PSYoungGen      total 20992K, used 11420K [0x00000000d5580000, 0x00000000d6e80000, 0x0000000100000000)
  eden space 19456K, 50% used [0x00000000d5580000,0x00000000d5f2f2c0,0x00000000d6880000)
  from space 1536K, 97% used [0x00000000d6980000,0x00000000d6af8020,0x00000000d6b00000)
  to   space 3072K, 0% used [0x00000000d6b80000,0x00000000d6b80000,0x00000000d6e80000)
 ParOldGen       total 68608K, used 62719K [0x0000000080000000, 0x0000000084300000, 0x00000000d5580000)
  object space 68608K, 91% used [0x0000000080000000,0x0000000083d3fc20,0x0000000084300000)
 Metaspace       used 49229K, committed 50304K, reserved 1114112K
  class space    used 4903K, committed 5376K, reserved 1048576K
GC Heap History (20 events):
Event: 25.807 GC heap before
{Heap before GC invocations=30 (full 2):
 PSYoungGen      total 22528K, used 22100K [0x00000000d5580000, 0x00000000d6f80000, 0x0000000100000000)
  eden space 19456K, 99% used [0x00000000d5580000,0x00000000d687da10,0x00000000d6880000)
  from space 3072K, 86% used [0x00000000d6880000,0x00000000d6b17880,0x00000000d6b80000)
  to   space 3584K, 0% used [0x00000000d6c00000,0x00000000d6c00000,0x00000000d6f80000)
 ParOldGen       total 68608K, used 44758K [0x0000000080000000, 0x0000000084300000, 0x00000000d5580000)
  object space 68608K, 65% used [0x0000000080000000,0x0000000082bb5b78,0x0000000084300000)
 Metaspace       used 46184K, committed 47296K, reserved 1114112K
  class space    used 4592K, committed 5120K, reserved 1048576K
}
Event: 25.812 GC heap after
{Heap after GC invocations=30 (full 2):
 PSYoungGen      total 20992K, used 1517K [0x00000000d5580000, 0x00000000d6d80000, 0x0000000100000000)
  eden space 19456K, 0% used [0x00000000d5580000,0x00000000d5580000,0x00000000d6880000)
  from space 1536K, 98% used [0x00000000d6c00000,0x00000000d6d7b530,0x00000000d6d80000)
  to   space 2048K, 0% used [0x00000000d6980000,0x00000000d6980000,0x00000000d6b80000)
 ParOldGen       total 68608K, used 47246K [0x0000000080000000, 0x0000000084300000, 0x00000000d5580000)
  object space 68608K, 68% used [0x0000000080000000,0x0000000082e23a60,0x0000000084300000)
 Metaspace       used 46184K, committed 47296K, reserved 1114112K
  class space    used 4592K, committed 5120K, reserved 1048576K
}
Event: 27.382 GC heap before
{Heap before GC invocations=31 (full 2):
 PSYoungGen      total 20992K, used 20973K [0x00000000d5580000, 0x00000000d6d80000, 0x0000000100000000)
  eden space 19456K, 100% used [0x00000000d5580000,0x00000000d6880000,0x00000000d6880000)
  from space 1536K, 98% used [0x00000000d6c00000,0x00000000d6d7b530,0x00000000d6d80000)
  to   space 2048K, 0% used [0x00000000d6980000,0x00000000d6980000,0x00000000d6b80000)
 ParOldGen       total 68608K, used 47246K [0x0000000080000000, 0x0000000084300000, 0x00000000d5580000)
  object space 68608K, 68% used [0x0000000080000000,0x0000000082e23a60,0x0000000084300000)
 Metaspace       used 46814K, committed 47936K, reserved 1114112K
  class space    used 4659K, committed 5184K, reserved 1048576K
}
Event: 27.386 GC heap after
{Heap after GC invocations=31 (full 2):
 PSYoungGen      total 21504K, used 2016K [0x00000000d5580000, 0x00000000d7180000, 0x0000000100000000)
  eden space 19456K, 0% used [0x00000000d5580000,0x00000000d5580000,0x00000000d6880000)
  from space 2048K, 98% used [0x00000000d6980000,0x00000000d6b78020,0x00000000d6b80000)
  to   space 4608K, 0% used [0x00000000d6d00000,0x00000000d6d00000,0x00000000d7180000)
 ParOldGen       total 68608K, used 49120K [0x0000000080000000, 0x0000000084300000, 0x00000000d5580000)
  object space 68608K, 71% used [0x0000000080000000,0x0000000082ff8040,0x0000000084300000)
 Metaspace       used 46814K, committed 47936K, reserved 1114112K
  class space    used 4659K, committed 5184K, reserved 1048576K
}
Event: 27.487 GC heap before
{Heap before GC invocations=32 (full 2):
 PSYoungGen      total 21504K, used 21467K [0x00000000d5580000, 0x00000000d7180000, 0x0000000100000000)
  eden space 19456K, 99% used [0x00000000d5580000,0x00000000d687ee58,0x00000000d6880000)
  from space 2048K, 98% used [0x00000000d6980000,0x00000000d6b78020,0x00000000d6b80000)
  to   space 4608K, 0% used [0x00000000d6d00000,0x00000000d6d00000,0x00000000d7180000)
 ParOldGen       total 68608K, used 49120K [0x0000000080000000, 0x0000000084300000, 0x00000000d5580000)
  object space 68608K, 71% used [0x0000000080000000,0x0000000082ff8040,0x0000000084300000)
 Metaspace       used 46918K, committed 48000K, reserved 1114112K
  class space    used 4664K, committed 5184K, reserved 1048576K
}
Event: 27.491 GC heap after
{Heap after GC invocations=32 (full 2):
 PSYoungGen      total 20992K, used 1360K [0x00000000d5580000, 0x00000000d6e80000, 0x0000000100000000)
  eden space 19456K, 0% used [0x00000000d5580000,0x00000000d5580000,0x00000000d6880000)
  from space 1536K, 88% used [0x00000000d6d00000,0x00000000d6e54010,0x00000000d6e80000)
  to   space 2560K, 0% used [0x00000000d6980000,0x00000000d6980000,0x00000000d6c00000)
 ParOldGen       total 68608K, used 51038K [0x0000000080000000, 0x0000000084300000, 0x00000000d5580000)
  object space 68608K, 74% used [0x0000000080000000,0x00000000831d7860,0x0000000084300000)
 Metaspace       used 46918K, committed 48000K, reserved 1114112K
  class space    used 4664K, committed 5184K, reserved 1048576K
}
Event: 32.115 GC heap before
{Heap before GC invocations=33 (full 2):
 PSYoungGen      total 20992K, used 20816K [0x00000000d5580000, 0x00000000d6e80000, 0x0000000100000000)
  eden space 19456K, 100% used [0x00000000d5580000,0x00000000d6880000,0x00000000d6880000)
  from space 1536K, 88% used [0x00000000d6d00000,0x00000000d6e54010,0x00000000d6e80000)
  to   space 2560K, 0% used [0x00000000d6980000,0x00000000d6980000,0x00000000d6c00000)
 ParOldGen       total 68608K, used 51038K [0x0000000080000000, 0x0000000084300000, 0x00000000d5580000)
  object space 68608K, 74% used [0x0000000080000000,0x00000000831d7860,0x0000000084300000)
 Metaspace       used 47553K, committed 48640K, reserved 1114112K
  class space    used 4713K, committed 5184K, reserved 1048576K
}
Event: 32.120 GC heap after
{Heap after GC invocations=33 (full 2):
 PSYoungGen      total 22016K, used 768K [0x00000000d5580000, 0x00000000d6d80000, 0x0000000100000000)
  eden space 19456K, 0% used [0x00000000d5580000,0x00000000d5580000,0x00000000d6880000)
  from space 2560K, 30% used [0x00000000d6980000,0x00000000d6a40020,0x00000000d6c00000)
  to   space 1536K, 0% used [0x00000000d6c00000,0x00000000d6c00000,0x00000000d6d80000)
 ParOldGen       total 68608K, used 52314K [0x0000000080000000, 0x0000000084300000, 0x00000000d5580000)
  object space 68608K, 76% used [0x0000000080000000,0x0000000083316910,0x0000000084300000)
 Metaspace       used 47553K, committed 48640K, reserved 1114112K
  class space    used 4713K, committed 5184K, reserved 1048576K
}
Event: 34.161 GC heap before
{Heap before GC invocations=34 (full 2):
 PSYoungGen      total 22016K, used 20224K [0x00000000d5580000, 0x00000000d6d80000, 0x0000000100000000)
  eden space 19456K, 100% used [0x00000000d5580000,0x00000000d6880000,0x00000000d6880000)
  from space 2560K, 30% used [0x00000000d6980000,0x00000000d6a40020,0x00000000d6c00000)
  to   space 1536K, 0% used [0x00000000d6c00000,0x00000000d6c00000,0x00000000d6d80000)
 ParOldGen       total 68608K, used 52314K [0x0000000080000000, 0x0000000084300000, 0x00000000d5580000)
  object space 68608K, 76% used [0x0000000080000000,0x0000000083316910,0x0000000084300000)
 Metaspace       used 47653K, committed 48704K, reserved 1114112K
  class space    used 4716K, committed 5184K, reserved 1048576K
}
Event: 34.166 GC heap after
{Heap after GC invocations=34 (full 2):
 PSYoungGen      total 20992K, used 1520K [0x00000000d5580000, 0x00000000d6f80000, 0x0000000100000000)
  eden space 19456K, 0% used [0x00000000d5580000,0x00000000d5580000,0x00000000d6880000)
  from space 1536K, 98% used [0x00000000d6c00000,0x00000000d6d7c010,0x00000000d6d80000)
  to   space 3584K, 0% used [0x00000000d6880000,0x00000000d6880000,0x00000000d6c00000)
 ParOldGen       total 68608K, used 53667K [0x0000000080000000, 0x0000000084300000, 0x00000000d5580000)
  object space 68608K, 78% used [0x0000000080000000,0x0000000083468e80,0x0000000084300000)
 Metaspace       used 47653K, committed 48704K, reserved 1114112K
  class space    used 4716K, committed 5184K, reserved 1048576K
}
Event: 36.271 GC heap before
{Heap before GC invocations=35 (full 2):
 PSYoungGen      total 20992K, used 20976K [0x00000000d5580000, 0x00000000d6f80000, 0x0000000100000000)
  eden space 19456K, 100% used [0x00000000d5580000,0x00000000d6880000,0x00000000d6880000)
  from space 1536K, 98% used [0x00000000d6c00000,0x00000000d6d7c010,0x00000000d6d80000)
  to   space 3584K, 0% used [0x00000000d6880000,0x00000000d6880000,0x00000000d6c00000)
 ParOldGen       total 68608K, used 53667K [0x0000000080000000, 0x0000000084300000, 0x00000000d5580000)
  object space 68608K, 78% used [0x0000000080000000,0x0000000083468e80,0x0000000084300000)
 Metaspace       used 47791K, committed 48960K, reserved 1114112K
  class space    used 4727K, committed 5248K, reserved 1048576K
}
Event: 36.274 GC heap after
{Heap after GC invocations=35 (full 2):
 PSYoungGen      total 22528K, used 2640K [0x00000000d5580000, 0x00000000d6e80000, 0x0000000100000000)
  eden space 19456K, 0% used [0x00000000d5580000,0x00000000d5580000,0x00000000d6880000)
  from space 3072K, 85% used [0x00000000d6880000,0x00000000d6b14050,0x00000000d6b80000)
  to   space 3072K, 0% used [0x00000000d6b80000,0x00000000d6b80000,0x00000000d6e80000)
 ParOldGen       total 68608K, used 55166K [0x0000000080000000, 0x0000000084300000, 0x00000000d5580000)
  object space 68608K, 80% used [0x0000000080000000,0x00000000835df800,0x0000000084300000)
 Metaspace       used 47791K, committed 48960K, reserved 1114112K
  class space    used 4727K, committed 5248K, reserved 1048576K
}
Event: 36.526 GC heap before
{Heap before GC invocations=36 (full 2):
 PSYoungGen      total 22528K, used 22096K [0x00000000d5580000, 0x00000000d6e80000, 0x0000000100000000)
  eden space 19456K, 100% used [0x00000000d5580000,0x00000000d6880000,0x00000000d6880000)
  from space 3072K, 85% used [0x00000000d6880000,0x00000000d6b14050,0x00000000d6b80000)
  to   space 3072K, 0% used [0x00000000d6b80000,0x00000000d6b80000,0x00000000d6e80000)
 ParOldGen       total 68608K, used 55166K [0x0000000080000000, 0x0000000084300000, 0x00000000d5580000)
  object space 68608K, 80% used [0x0000000080000000,0x00000000835df800,0x0000000084300000)
 Metaspace       used 47831K, committed 48960K, reserved 1114112K
  class space    used 4727K, committed 5248K, reserved 1048576K
}
Event: 36.529 GC heap after
{Heap after GC invocations=36 (full 2):
 PSYoungGen      total 22016K, used 2160K [0x00000000d5580000, 0x00000000d6e00000, 0x0000000100000000)
  eden space 19456K, 0% used [0x00000000d5580000,0x00000000d5580000,0x00000000d6880000)
  from space 2560K, 84% used [0x00000000d6b80000,0x00000000d6d9c030,0x00000000d6e00000)
  to   space 2560K, 0% used [0x00000000d6900000,0x00000000d6900000,0x00000000d6b80000)
 ParOldGen       total 68608K, used 57687K [0x0000000080000000, 0x0000000084300000, 0x00000000d5580000)
  object space 68608K, 84% used [0x0000000080000000,0x0000000083855d50,0x0000000084300000)
 Metaspace       used 47831K, committed 48960K, reserved 1114112K
  class space    used 4727K, committed 5248K, reserved 1048576K
}
Event: 36.689 GC heap before
{Heap before GC invocations=37 (full 2):
 PSYoungGen      total 22016K, used 21616K [0x00000000d5580000, 0x00000000d6e00000, 0x0000000100000000)
  eden space 19456K, 100% used [0x00000000d5580000,0x00000000d6880000,0x00000000d6880000)
  from space 2560K, 84% used [0x00000000d6b80000,0x00000000d6d9c030,0x00000000d6e00000)
  to   space 2560K, 0% used [0x00000000d6900000,0x00000000d6900000,0x00000000d6b80000)
 ParOldGen       total 68608K, used 57687K [0x0000000080000000, 0x0000000084300000, 0x00000000d5580000)
  object space 68608K, 84% used [0x0000000080000000,0x0000000083855d50,0x0000000084300000)
 Metaspace       used 47915K, committed 49024K, reserved 1114112K
  class space    used 4727K, committed 5248K, reserved 1048576K
}
Event: 36.693 GC heap after
{Heap after GC invocations=37 (full 2):
 PSYoungGen      total 22016K, used 2368K [0x00000000d5580000, 0x00000000d6d80000, 0x0000000100000000)
  eden space 19456K, 0% used [0x00000000d5580000,0x00000000d5580000,0x00000000d6880000)
  from space 2560K, 92% used [0x00000000d6900000,0x00000000d6b50060,0x00000000d6b80000)
  to   space 2048K, 0% used [0x00000000d6b80000,0x00000000d6b80000,0x00000000d6d80000)
 ParOldGen       total 68608K, used 59687K [0x0000000080000000, 0x0000000084300000, 0x00000000d5580000)
  object space 68608K, 86% used [0x0000000080000000,0x0000000083a49d10,0x0000000084300000)
 Metaspace       used 47915K, committed 49024K, reserved 1114112K
  class space    used 4727K, committed 5248K, reserved 1048576K
}
Event: 37.327 GC heap before
{Heap before GC invocations=38 (full 2):
 PSYoungGen      total 22016K, used 21824K [0x00000000d5580000, 0x00000000d6d80000, 0x0000000100000000)
  eden space 19456K, 100% used [0x00000000d5580000,0x00000000d6880000,0x00000000d6880000)
  from space 2560K, 92% used [0x00000000d6900000,0x00000000d6b50060,0x00000000d6b80000)
  to   space 2048K, 0% used [0x00000000d6b80000,0x00000000d6b80000,0x00000000d6d80000)
 ParOldGen       total 68608K, used 59687K [0x0000000080000000, 0x0000000084300000, 0x00000000d5580000)
  object space 68608K, 86% used [0x0000000080000000,0x0000000083a49d10,0x0000000084300000)
 Metaspace       used 48133K, committed 49216K, reserved 1114112K
  class space    used 4751K, committed 5248K, reserved 1048576K
}
Event: 37.332 GC heap after
{Heap after GC invocations=38 (full 2):
 PSYoungGen      total 20480K, used 960K [0x00000000d5580000, 0x00000000d6c80000, 0x0000000100000000)
  eden space 19456K, 0% used [0x00000000d5580000,0x00000000d5580000,0x00000000d6880000)
  from space 1024K, 93% used [0x00000000d6b80000,0x00000000d6c70020,0x00000000d6c80000)
  to   space 1536K, 0% used [0x00000000d6980000,0x00000000d6980000,0x00000000d6b00000)
 ParOldGen       total 68608K, used 61841K [0x0000000080000000, 0x0000000084300000, 0x00000000d5580000)
  object space 68608K, 90% used [0x0000000080000000,0x0000000083c64740,0x0000000084300000)
 Metaspace       used 48133K, committed 49216K, reserved 1114112K
  class space    used 4751K, committed 5248K, reserved 1048576K
}
Event: 37.803 GC heap before
{Heap before GC invocations=39 (full 2):
 PSYoungGen      total 20480K, used 20416K [0x00000000d5580000, 0x00000000d6c80000, 0x0000000100000000)
  eden space 19456K, 100% used [0x00000000d5580000,0x00000000d6880000,0x00000000d6880000)
  from space 1024K, 93% used [0x00000000d6b80000,0x00000000d6c70020,0x00000000d6c80000)
  to   space 1536K, 0% used [0x00000000d6980000,0x00000000d6980000,0x00000000d6b00000)
 ParOldGen       total 68608K, used 61841K [0x0000000080000000, 0x0000000084300000, 0x00000000d5580000)
  object space 68608K, 90% used [0x0000000080000000,0x0000000083c64740,0x0000000084300000)
 Metaspace       used 49162K, committed 50176K, reserved 1114112K
  class space    used 4894K, committed 5376K, reserved 1048576K
}
Event: 37.807 GC heap after
{Heap after GC invocations=39 (full 2):
 PSYoungGen      total 20992K, used 1504K [0x00000000d5580000, 0x00000000d6e80000, 0x0000000100000000)
  eden space 19456K, 0% used [0x00000000d5580000,0x00000000d5580000,0x00000000d6880000)
  from space 1536K, 97% used [0x00000000d6980000,0x00000000d6af8020,0x00000000d6b00000)
  to   space 3072K, 0% used [0x00000000d6b80000,0x00000000d6b80000,0x00000000d6e80000)
 ParOldGen       total 68608K, used 62719K [0x0000000080000000, 0x0000000084300000, 0x00000000d5580000)
  object space 68608K, 91% used [0x0000000080000000,0x0000000083d3fc20,0x0000000084300000)
 Metaspace       used 49162K, committed 50176K, reserved 1114112K
  class space    used 4894K, committed 5376K, reserved 1048576K
}

