# JRE version: OpenJDK Runtime Environment Temurin-21.0.8+9 (21.0.8+9) (build 21.0.8+9-LTS)
# Java VM: OpenJDK 64-Bit Server VM Temurin-21.0.8+9 (21.0.8+9-LTS, mixed mode, sharing, tiered, compressed oops, compressed class ptrs, parallel gc, windows-amd64)
GC Precious Log:
 CardTable entry size: 512
 CPUs: 8 total, 8 available
 Memory: 8025M
 Large Page Support: Disabled
 NUMA Support: Disabled
 Compressed Oops: Enabled (32-bit)
 Alignments: Space 512K, Generation 512K, Heap 2M
 Heap Min Capacity: 100M
 Heap Initial Capacity: 100M
 Heap Max Capacity: 2G
 Pre-touch: Disabled
 Parallel Workers: 8
Heap:
 PSYoungGen      total 16384K, used 13223K [0x00000000d5580000, 0x00000000d6980000, 0x0000000100000000)
  eden space 14848K, 81% used [0x00000000d5580000,0x00000000d6140ca0,0x00000000d6400000)
  from space 1536K, 77% used [0x00000000d6800000,0x00000000d6929250,0x00000000d6980000)
  to   space 1536K, 0% used [0x00000000d6680000,0x00000000d6680000,0x00000000d6800000)
 ParOldGen       total 881664K, used 881379K [0x0000000080000000, 0x00000000b5d00000, 0x00000000d5580000)
  object space 881664K, 99% used [0x0000000080000000,0x00000000b5cb8ff8,0x00000000b5d00000)
 Metaspace       used 78794K, committed 80512K, reserved 1179648K
  class space    used 8250K, committed 9024K, reserved 1048576K
GC Heap History (20 events):
Event: 86.896 GC heap after
{Heap after GC invocations=1626 (full 4):
 PSYoungGen      total 6656K, used 2260K [0x00000000d5580000, 0x00000000d6100000, 0x0000000100000000)
  eden space 4096K, 0% used [0x00000000d5580000,0x00000000d5580000,0x00000000d5980000)
  from space 2560K, 88% used [0x00000000d5e80000,0x00000000d60b5200,0x00000000d6100000)
  to   space 3072K, 0% used [0x00000000d5b00000,0x00000000d5b00000,0x00000000d5e00000)
 ParOldGen       total 824832K, used 824415K [0x0000000080000000, 0x00000000b2580000, 0x00000000d5580000)
  object space 824832K, 99% used [0x0000000080000000,0x00000000b2517da8,0x00000000b2580000)
 Metaspace       used 78462K, committed 80192K, reserved 1179648K
  class space    used 8241K, committed 9024K, reserved 1048576K
}
Event: 86.901 GC heap before
{Heap before GC invocations=1627 (full 4):
 PSYoungGen      total 6656K, used 6164K [0x00000000d5580000, 0x00000000d6100000, 0x0000000100000000)
  eden space 4096K, 95% used [0x00000000d5580000,0x00000000d5950180,0x00000000d5980000)
  from space 2560K, 88% used [0x00000000d5e80000,0x00000000d60b5200,0x00000000d6100000)
  to   space 3072K, 0% used [0x00000000d5b00000,0x00000000d5b00000,0x00000000d5e00000)
 ParOldGen       total 824832K, used 824415K [0x0000000080000000, 0x00000000b2580000, 0x00000000d5580000)
  object space 824832K, 99% used [0x0000000080000000,0x00000000b2517da8,0x00000000b2580000)
 Metaspace       used 78462K, committed 80192K, reserved 1179648K
  class space    used 8241K, committed 9024K, reserved 1048576K
}
Event: 86.906 GC heap after
{Heap after GC invocations=1627 (full 4):
 PSYoungGen      total 7168K, used 1579K [0x00000000d5580000, 0x00000000d5f00000, 0x0000000100000000)
  eden space 5120K, 0% used [0x00000000d5580000,0x00000000d5580000,0x00000000d5a80000)
  from space 2048K, 77% used [0x00000000d5b00000,0x00000000d5c8ac00,0x00000000d5d00000)
  to   space 2048K, 0% used [0x00000000d5d00000,0x00000000d5d00000,0x00000000d5f00000)
 ParOldGen       total 826880K, used 826611K [0x0000000080000000, 0x00000000b2780000, 0x00000000d5580000)
  object space 826880K, 99% used [0x0000000080000000,0x00000000b273cfa8,0x00000000b2780000)
 Metaspace       used 78462K, committed 80192K, reserved 1179648K
  class space    used 8241K, committed 9024K, reserved 1048576K
}
Event: 86.914 GC heap before
{Heap before GC invocations=1628 (full 4):
 PSYoungGen      total 7168K, used 6699K [0x00000000d5580000, 0x00000000d5f00000, 0x0000000100000000)
  eden space 5120K, 100% used [0x00000000d5580000,0x00000000d5a80000,0x00000000d5a80000)
  from space 2048K, 77% used [0x00000000d5b00000,0x00000000d5c8ac00,0x00000000d5d00000)
  to   space 2048K, 0% used [0x00000000d5d00000,0x00000000d5d00000,0x00000000d5f00000)
 ParOldGen       total 826880K, used 826611K [0x0000000080000000, 0x00000000b2780000, 0x00000000d5580000)
  object space 826880K, 99% used [0x0000000080000000,0x00000000b273cfa8,0x00000000b2780000)
 Metaspace       used 78464K, committed 80192K, reserved 1179648K
  class space    used 8241K, committed 9024K, reserved 1048576K
}
Event: 86.917 GC heap after
{Heap after GC invocations=1628 (full 4):
 PSYoungGen      total 6144K, used 2034K [0x00000000d5580000, 0x00000000d6280000, 0x0000000100000000)
  eden space 4096K, 0% used [0x00000000d5580000,0x00000000d5580000,0x00000000d5980000)
  from space 2048K, 99% used [0x00000000d5d00000,0x00000000d5efc810,0x00000000d5f00000)
  to   space 3584K, 0% used [0x00000000d5980000,0x00000000d5980000,0x00000000d5d00000)
 ParOldGen       total 827904K, used 827851K [0x0000000080000000, 0x00000000b2880000, 0x00000000d5580000)
  object space 827904K, 99% used [0x0000000080000000,0x00000000b2872fa8,0x00000000b2880000)
 Metaspace       used 78464K, committed 80192K, reserved 1179648K
  class space    used 8241K, committed 9024K, reserved 1048576K
}
Event: 86.926 GC heap before
{Heap before GC invocations=1629 (full 4):
 PSYoungGen      total 6144K, used 6130K [0x00000000d5580000, 0x00000000d6280000, 0x0000000100000000)
  eden space 4096K, 100% used [0x00000000d5580000,0x00000000d5980000,0x00000000d5980000)
  from space 2048K, 99% used [0x00000000d5d00000,0x00000000d5efc810,0x00000000d5f00000)
  to   space 3584K, 0% used [0x00000000d5980000,0x00000000d5980000,0x00000000d5d00000)
 ParOldGen       total 827904K, used 827851K [0x0000000080000000, 0x00000000b2880000, 0x00000000d5580000)
  object space 827904K, 99% used [0x0000000080000000,0x00000000b2872fa8,0x00000000b2880000)
 Metaspace       used 78472K, committed 80192K, reserved 1179648K
  class space    used 8241K, committed 9024K, reserved 1048576K
}
Event: 86.929 GC heap after
{Heap after GC invocations=1629 (full 4):
 PSYoungGen      total 5120K, used 672K [0x00000000d5580000, 0x00000000d5e80000, 0x0000000100000000)
  eden space 4096K, 0% used [0x00000000d5580000,0x00000000d5580000,0x00000000d5980000)
  from space 1024K, 65% used [0x00000000d5980000,0x00000000d5a28000,0x00000000d5a80000)
  to   space 2048K, 0% used [0x00000000d5c80000,0x00000000d5c80000,0x00000000d5e80000)
 ParOldGen       total 830464K, used 830183K [0x0000000080000000, 0x00000000b2b00000, 0x00000000d5580000)
  object space 830464K, 99% used [0x0000000080000000,0x00000000b2ab9fd8,0x00000000b2b00000)
 Metaspace       used 78472K, committed 80192K, reserved 1179648K
  class space    used 8241K, committed 9024K, reserved 1048576K
}
Event: 86.942 GC heap before
{Heap before GC invocations=1630 (full 4):
 PSYoungGen      total 5120K, used 4768K [0x00000000d5580000, 0x00000000d5e80000, 0x0000000100000000)
  eden space 4096K, 100% used [0x00000000d5580000,0x00000000d5980000,0x00000000d5980000)
  from space 1024K, 65% used [0x00000000d5980000,0x00000000d5a28000,0x00000000d5a80000)
  to   space 2048K, 0% used [0x00000000d5c80000,0x00000000d5c80000,0x00000000d5e80000)
 ParOldGen       total 830464K, used 830183K [0x0000000080000000, 0x00000000b2b00000, 0x00000000d5580000)
  object space 830464K, 99% used [0x0000000080000000,0x00000000b2ab9fd8,0x00000000b2b00000)
 Metaspace       used 78477K, committed 80192K, reserved 1179648K
  class space    used 8241K, committed 9024K, reserved 1048576K
}
Event: 86.945 GC heap after
{Heap after GC invocations=1630 (full 4):
 PSYoungGen      total 6144K, used 884K [0x00000000d5580000, 0x00000000d5d80000, 0x0000000100000000)
  eden space 5120K, 0% used [0x00000000d5580000,0x00000000d5580000,0x00000000d5a80000)
  from space 1024K, 86% used [0x00000000d5c80000,0x00000000d5d5d200,0x00000000d5d80000)
  to   space 1024K, 0% used [0x00000000d5b80000,0x00000000d5b80000,0x00000000d5c80000)
 ParOldGen       total 830976K, used 830728K [0x0000000080000000, 0x00000000b2b80000, 0x00000000d5580000)
  object space 830976K, 99% used [0x0000000080000000,0x00000000b2b42018,0x00000000b2b80000)
 Metaspace       used 78477K, committed 80192K, reserved 1179648K
  class space    used 8241K, committed 9024K, reserved 1048576K
}
Event: 86.954 GC heap before
{Heap before GC invocations=1631 (full 4):
 PSYoungGen      total 6144K, used 6004K [0x00000000d5580000, 0x00000000d5d80000, 0x0000000100000000)
  eden space 5120K, 99% used [0x00000000d5580000,0x00000000d5a7ffc0,0x00000000d5a80000)
  from space 1024K, 86% used [0x00000000d5c80000,0x00000000d5d5d200,0x00000000d5d80000)
  to   space 1024K, 0% used [0x00000000d5b80000,0x00000000d5b80000,0x00000000d5c80000)
 ParOldGen       total 830976K, used 830728K [0x0000000080000000, 0x00000000b2b80000, 0x00000000d5580000)
  object space 830976K, 99% used [0x0000000080000000,0x00000000b2b42018,0x00000000b2b80000)
 Metaspace       used 78486K, committed 80192K, reserved 1179648K
  class space    used 8241K, committed 9024K, reserved 1048576K
}
Event: 86.958 GC heap after
{Heap after GC invocations=1631 (full 4):
 PSYoungGen      total 7168K, used 1004K [0x00000000d5580000, 0x00000000d6280000, 0x0000000100000000)
  eden space 6144K, 0% used [0x00000000d5580000,0x00000000d5580000,0x00000000d5b80000)
  from space 1024K, 98% used [0x00000000d5b80000,0x00000000d5c7b000,0x00000000d5c80000)
  to   space 3584K, 0% used [0x00000000d5f00000,0x00000000d5f00000,0x00000000d6280000)
 ParOldGen       total 833024K, used 832677K [0x0000000080000000, 0x00000000b2d80000, 0x00000000d5580000)
  object space 833024K, 99% used [0x0000000080000000,0x00000000b2d29498,0x00000000b2d80000)
 Metaspace       used 78486K, committed 80192K, reserved 1179648K
  class space    used 8241K, committed 9024K, reserved 1048576K
}
Event: 86.976 GC heap before
{Heap before GC invocations=1632 (full 4):
 PSYoungGen      total 7168K, used 7148K [0x00000000d5580000, 0x00000000d6280000, 0x0000000100000000)
  eden space 6144K, 100% used [0x00000000d5580000,0x00000000d5b80000,0x00000000d5b80000)
  from space 1024K, 98% used [0x00000000d5b80000,0x00000000d5c7b000,0x00000000d5c80000)
  to   space 3584K, 0% used [0x00000000d5f00000,0x00000000d5f00000,0x00000000d6280000)
 ParOldGen       total 833024K, used 832677K [0x0000000080000000, 0x00000000b2d80000, 0x00000000d5580000)
  object space 833024K, 99% used [0x0000000080000000,0x00000000b2d29498,0x00000000b2d80000)
 Metaspace       used 78495K, committed 80192K, reserved 1179648K
  class space    used 8241K, committed 9024K, reserved 1048576K
}
Event: 86.979 GC heap after
{Heap after GC invocations=1632 (full 4):
 PSYoungGen      total 9728K, used 864K [0x00000000d5580000, 0x00000000d6100000, 0x0000000100000000)
  eden space 7680K, 0% used [0x00000000d5580000,0x00000000d5580000,0x00000000d5d00000)
  from space 2048K, 42% used [0x00000000d5f00000,0x00000000d5fd8040,0x00000000d6100000)
  to   space 2048K, 0% used [0x00000000d5d00000,0x00000000d5d00000,0x00000000d5f00000)
 ParOldGen       total 834048K, used 833681K [0x0000000080000000, 0x00000000b2e80000, 0x00000000d5580000)
  object space 834048K, 99% used [0x0000000080000000,0x00000000b2e24498,0x00000000b2e80000)
 Metaspace       used 78495K, committed 80192K, reserved 1179648K
  class space    used 8241K, committed 9024K, reserved 1048576K
}
Event: 87.003 GC heap before
{Heap before GC invocations=1633 (full 4):
 PSYoungGen      total 9728K, used 8544K [0x00000000d5580000, 0x00000000d6100000, 0x0000000100000000)
  eden space 7680K, 100% used [0x00000000d5580000,0x00000000d5d00000,0x00000000d5d00000)
  from space 2048K, 42% used [0x00000000d5f00000,0x00000000d5fd8040,0x00000000d6100000)
  to   space 2048K, 0% used [0x00000000d5d00000,0x00000000d5d00000,0x00000000d5f00000)
 ParOldGen       total 834048K, used 833681K [0x0000000080000000, 0x00000000b2e80000, 0x00000000d5580000)
  object space 834048K, 99% used [0x0000000080000000,0x00000000b2e24498,0x00000000b2e80000)
 Metaspace       used 78496K, committed 80192K, reserved 1179648K
  class space    used 8241K, committed 9024K, reserved 1048576K
}
Event: 87.008 GC heap after
{Heap after GC invocations=1633 (full 4):
 PSYoungGen      total 9728K, used 2023K [0x00000000d5580000, 0x00000000d6c80000, 0x0000000100000000)
  eden space 7680K, 0% used [0x00000000d5580000,0x00000000d5580000,0x00000000d5d00000)
  from space 2048K, 98% used [0x00000000d5d00000,0x00000000d5ef9d28,0x00000000d5f00000)
  to   space 7168K, 0% used [0x00000000d6580000,0x00000000d6580000,0x00000000d6c80000)
 ParOldGen       total 837632K, used 837554K [0x0000000080000000, 0x00000000b3200000, 0x00000000d5580000)
  object space 837632K, 99% used [0x0000000080000000,0x00000000b31ec838,0x00000000b3200000)
 Metaspace       used 78496K, committed 80192K, reserved 1179648K
  class space    used 8241K, committed 9024K, reserved 1048576K
}
Event: 87.059 GC heap before
{Heap before GC invocations=1634 (full 4):
 PSYoungGen      total 9728K, used 9703K [0x00000000d5580000, 0x00000000d6c80000, 0x0000000100000000)
  eden space 7680K, 100% used [0x00000000d5580000,0x00000000d5d00000,0x00000000d5d00000)
  from space 2048K, 98% used [0x00000000d5d00000,0x00000000d5ef9d28,0x00000000d5f00000)
  to   space 7168K, 0% used [0x00000000d6580000,0x00000000d6580000,0x00000000d6c80000)
 ParOldGen       total 869376K, used 868274K [0x0000000080000000, 0x00000000b5100000, 0x00000000d5580000)
  object space 869376K, 99% used [0x0000000080000000,0x00000000b4fec868,0x00000000b5100000)
 Metaspace       used 78506K, committed 80192K, reserved 1179648K
  class space    used 8241K, committed 9024K, reserved 1048576K
}
Event: 87.063 GC heap after
{Heap after GC invocations=1634 (full 4):
 PSYoungGen      total 12800K, used 4840K [0x00000000d5580000, 0x00000000d6a80000, 0x0000000100000000)
  eden space 7680K, 0% used [0x00000000d5580000,0x00000000d5580000,0x00000000d5d00000)
  from space 5120K, 94% used [0x00000000d6580000,0x00000000d6a3a2c0,0x00000000d6a80000)
  to   space 5632K, 0% used [0x00000000d5f80000,0x00000000d5f80000,0x00000000d6500000)
 ParOldGen       total 869376K, used 868530K [0x0000000080000000, 0x00000000b5100000, 0x00000000d5580000)
  object space 869376K, 99% used [0x0000000080000000,0x00000000b502c868,0x00000000b5100000)
 Metaspace       used 78506K, committed 80192K, reserved 1179648K
  class space    used 8241K, committed 9024K, reserved 1048576K
}
Event: 87.084 GC heap before
{Heap before GC invocations=1635 (full 4):
 PSYoungGen      total 12800K, used 12520K [0x00000000d5580000, 0x00000000d6a80000, 0x0000000100000000)
  eden space 7680K, 100% used [0x00000000d5580000,0x00000000d5d00000,0x00000000d5d00000)
  from space 5120K, 94% used [0x00000000d6580000,0x00000000d6a3a2c0,0x00000000d6a80000)
  to   space 5632K, 0% used [0x00000000d5f80000,0x00000000d5f80000,0x00000000d6500000)
 ParOldGen       total 869376K, used 868530K [0x0000000080000000, 0x00000000b5100000, 0x00000000d5580000)
  object space 869376K, 99% used [0x0000000080000000,0x00000000b502c868,0x00000000b5100000)
 Metaspace       used 78702K, committed 80384K, reserved 1179648K
  class space    used 8250K, committed 9024K, reserved 1048576K
}
Event: 87.091 GC heap after
{Heap after GC invocations=1635 (full 4):
 PSYoungGen      total 14848K, used 5632K [0x00000000d5580000, 0x00000000d7580000, 0x0000000100000000)
  eden space 9216K, 0% used [0x00000000d5580000,0x00000000d5580000,0x00000000d5e80000)
  from space 5632K, 100% used [0x00000000d5f80000,0x00000000d6500000,0x00000000d6500000)
  to   space 11776K, 0% used [0x00000000d6a00000,0x00000000d6a00000,0x00000000d7580000)
 ParOldGen       total 873472K, used 873234K [0x0000000080000000, 0x00000000b5500000, 0x00000000d5580000)
  object space 873472K, 99% used [0x0000000080000000,0x00000000b54c4b38,0x00000000b5500000)
 Metaspace       used 78702K, committed 80384K, reserved 1179648K
  class space    used 8250K, committed 9024K, reserved 1048576K
}
Event: 87.446 GC heap before
{Heap before GC invocations=1636 (full 4):
 PSYoungGen      total 14848K, used 14848K [0x00000000d5580000, 0x00000000d7580000, 0x0000000100000000)
  eden space 9216K, 100% used [0x00000000d5580000,0x00000000d5e80000,0x00000000d5e80000)
  from space 5632K, 100% used [0x00000000d5f80000,0x00000000d6500000,0x00000000d6500000)
  to   space 11776K, 0% used [0x00000000d6a00000,0x00000000d6a00000,0x00000000d7580000)
 ParOldGen       total 873472K, used 873234K [0x0000000080000000, 0x00000000b5500000, 0x00000000d5580000)
  object space 873472K, 99% used [0x0000000080000000,0x00000000b54c4b38,0x00000000b5500000)
 Metaspace       used 78721K, committed 80448K, reserved 1179648K
  class space    used 8250K, committed 9024K, reserved 1048576K
}

