# JRE version: Java(TM) SE Runtime Environment (21.0.7+8) (build 21.0.7+8-LTS-245)
# Java VM: Java HotSpot(TM) 64-Bit Server VM (21.0.7+8-LTS-245, mixed mode, emulated-client, sharing, tiered, compressed oops, compressed class ptrs, g1 gc, windows-amd64)
GC Precious Log:
 CardTable entry size: 512
 Card Set container configuration: InlinePtr #cards 5 size 8 Array Of Cards #cards 12 size 40 Howl #buckets 4 coarsen threshold 1843 Howl Bitmap #cards 512 size 80 coarsen threshold 460 Card regions per heap region 1 cards per card region 2048
 CPUs: 8 total, 8 available
 Memory: 8025M
 Large Page Support: Disabled
 NUMA Support: Disabled
 Compressed Oops: Enabled (32-bit)
 Heap Region Size: 1M
 Heap Min Capacity: 8M
 Heap Initial Capacity: 126M
 Heap Max Capacity: 2008M
 Pre-touch: Disabled
 Parallel Workers: 8
 Concurrent Workers: 2
 Concurrent Refinement Workers: 8
 Periodic GC: Disabled
Heap:
 garbage-first heap   total 79872K, used 32420K [0x0000000082800000, 0x0000000100000000)
  region size 1024K, 6 young (6144K), 6 survivors (6144K)
 Metaspace       used 64713K, committed 65472K, reserved 1114112K
  class space    used 9325K, committed 9664K, reserved 1048576K
GC Heap History (20 events):
Event: 0.671 GC heap after
{Heap after GC invocations=1 (full 0):
 garbage-first heap   total 129024K, used 8703K [0x0000000082800000, 0x0000000100000000)
  region size 1024K, 3 young (3072K), 3 survivors (3072K)
 Metaspace       used 5208K, committed 5376K, reserved 1114112K
  class space    used 690K, committed 768K, reserved 1048576K
}
Event: 1.127 GC heap before
{Heap before GC invocations=1 (full 0):
 garbage-first heap   total 129024K, used 35327K [0x0000000082800000, 0x0000000100000000)
  region size 1024K, 30 young (30720K), 3 survivors (3072K)
 Metaspace       used 11414K, committed 11840K, reserved 1114112K
  class space    used 1711K, committed 1920K, reserved 1048576K
}
Event: 1.133 GC heap after
{Heap after GC invocations=2 (full 0):
 garbage-first heap   total 129024K, used 10872K [0x0000000082800000, 0x0000000100000000)
  region size 1024K, 3 young (3072K), 3 survivors (3072K)
 Metaspace       used 11414K, committed 11840K, reserved 1114112K
  class space    used 1711K, committed 1920K, reserved 1048576K
}
Event: 1.664 GC heap before
{Heap before GC invocations=2 (full 0):
 garbage-first heap   total 129024K, used 62072K [0x0000000082800000, 0x0000000100000000)
  region size 1024K, 55 young (56320K), 3 survivors (3072K)
 Metaspace       used 20823K, committed 21184K, reserved 1114112K
  class space    used 2873K, committed 3008K, reserved 1048576K
}
Event: 1.676 GC heap after
{Heap after GC invocations=3 (full 0):
 garbage-first heap   total 129024K, used 16662K [0x0000000082800000, 0x0000000100000000)
  region size 1024K, 8 young (8192K), 8 survivors (8192K)
 Metaspace       used 20823K, committed 21184K, reserved 1114112K
  class space    used 2873K, committed 3008K, reserved 1048576K
}
Event: 2.142 GC heap before
{Heap before GC invocations=4 (full 0):
 garbage-first heap   total 61440K, used 45334K [0x0000000082800000, 0x0000000100000000)
  region size 1024K, 36 young (36864K), 8 survivors (8192K)
 Metaspace       used 23288K, committed 23744K, reserved 1114112K
  class space    used 3258K, committed 3456K, reserved 1048576K
}
Event: 2.165 GC heap after
{Heap after GC invocations=5 (full 0):
 garbage-first heap   total 61440K, used 18571K [0x0000000082800000, 0x0000000100000000)
  region size 1024K, 3 young (3072K), 3 survivors (3072K)
 Metaspace       used 23288K, committed 23744K, reserved 1114112K
  class space    used 3258K, committed 3456K, reserved 1048576K
}
Event: 2.630 GC heap before
{Heap before GC invocations=5 (full 0):
 garbage-first heap   total 61440K, used 47243K [0x0000000082800000, 0x0000000100000000)
  region size 1024K, 31 young (31744K), 3 survivors (3072K)
 Metaspace       used 26615K, committed 27072K, reserved 1114112K
  class space    used 3760K, committed 3968K, reserved 1048576K
}
Event: 2.655 GC heap after
{Heap after GC invocations=6 (full 0):
 garbage-first heap   total 61440K, used 20599K [0x0000000082800000, 0x0000000100000000)
  region size 1024K, 3 young (3072K), 3 survivors (3072K)
 Metaspace       used 26615K, committed 27072K, reserved 1114112K
  class space    used 3760K, committed 3968K, reserved 1048576K
}
Event: 3.168 GC heap before
{Heap before GC invocations=6 (full 0):
 garbage-first heap   total 61440K, used 48247K [0x0000000082800000, 0x0000000100000000)
  region size 1024K, 31 young (31744K), 3 survivors (3072K)
 Metaspace       used 32468K, committed 33024K, reserved 1114112K
  class space    used 4535K, committed 4800K, reserved 1048576K
}
Event: 3.176 GC heap after
{Heap after GC invocations=7 (full 0):
 garbage-first heap   total 79872K, used 22895K [0x0000000082800000, 0x0000000100000000)
  region size 1024K, 3 young (3072K), 3 survivors (3072K)
 Metaspace       used 32468K, committed 33024K, reserved 1114112K
  class space    used 4535K, committed 4800K, reserved 1048576K
}
Event: 3.501 GC heap before
{Heap before GC invocations=7 (full 0):
 garbage-first heap   total 79872K, used 42351K [0x0000000082800000, 0x0000000100000000)
  region size 1024K, 23 young (23552K), 3 survivors (3072K)
 Metaspace       used 34785K, committed 35328K, reserved 1114112K
  class space    used 4909K, committed 5184K, reserved 1048576K
}
Event: 3.508 GC heap after
{Heap after GC invocations=8 (full 0):
 garbage-first heap   total 79872K, used 24376K [0x0000000082800000, 0x0000000100000000)
  region size 1024K, 4 young (4096K), 4 survivors (4096K)
 Metaspace       used 34785K, committed 35328K, reserved 1114112K
  class space    used 4909K, committed 5184K, reserved 1048576K
}
Event: 4.686 GC heap before
{Heap before GC invocations=9 (full 0):
 garbage-first heap   total 79872K, used 67384K [0x0000000082800000, 0x0000000100000000)
  region size 1024K, 46 young (47104K), 4 survivors (4096K)
 Metaspace       used 46340K, committed 46976K, reserved 1114112K
  class space    used 6560K, committed 6848K, reserved 1048576K
}
Event: 4.696 GC heap after
{Heap after GC invocations=10 (full 0):
 garbage-first heap   total 79872K, used 27211K [0x0000000082800000, 0x0000000100000000)
  region size 1024K, 5 young (5120K), 5 survivors (5120K)
 Metaspace       used 46340K, committed 46976K, reserved 1114112K
  class space    used 6560K, committed 6848K, reserved 1048576K
}
Event: 5.511 GC heap before
{Heap before GC invocations=10 (full 0):
 garbage-first heap   total 79872K, used 67147K [0x0000000082800000, 0x0000000100000000)
  region size 1024K, 44 young (45056K), 5 survivors (5120K)
 Metaspace       used 55825K, committed 56448K, reserved 1114112K
  class space    used 7976K, committed 8256K, reserved 1048576K
}
Event: 5.522 GC heap after
{Heap after GC invocations=11 (full 0):
 garbage-first heap   total 79872K, used 28972K [0x0000000082800000, 0x0000000100000000)
  region size 1024K, 5 young (5120K), 5 survivors (5120K)
 Metaspace       used 55825K, committed 56448K, reserved 1114112K
  class space    used 7976K, committed 8256K, reserved 1048576K
}
Event: 5.787 GC heap before
{Heap before GC invocations=11 (full 0):
 garbage-first heap   total 79872K, used 45356K [0x0000000082800000, 0x0000000100000000)
  region size 1024K, 22 young (22528K), 5 survivors (5120K)
 Metaspace       used 59009K, committed 59648K, reserved 1114112K
  class space    used 8464K, committed 8768K, reserved 1048576K
}
Event: 5.793 GC heap after
{Heap after GC invocations=12 (full 0):
 garbage-first heap   total 79872K, used 29531K [0x0000000082800000, 0x0000000100000000)
  region size 1024K, 3 young (3072K), 3 survivors (3072K)
 Metaspace       used 59009K, committed 59648K, reserved 1114112K
  class space    used 8464K, committed 8768K, reserved 1048576K
}
Event: 7.790 GC heap before
{Heap before GC invocations=13 (full 0):
 garbage-first heap   total 79872K, used 70491K [0x0000000082800000, 0x0000000100000000)
  region size 1024K, 43 young (44032K), 3 survivors (3072K)
 Metaspace       used 64713K, committed 65472K, reserved 1114112K
  class space    used 9325K, committed 9664K, reserved 1048576K
}

